<?xml version="1.0" encoding="UTF-8"?>
<testsuites errors="2" failures="2"><testsuite name="BackstopJS" tests="7" errors="2" failures="2"><testcase name=" ›› Passing Test" classname="header"/><testcase name=" ›› Passing Test" classname="main"><error message="Design deviation ›› Passing Test (main) component" type="CSS component"/><failure message="Design deviation ›› Passing Test (main) component" type="CSS component"/></testcase><testcase name=" ›› Passing Test" classname="body .bs-docs-featurette:nth-of-type(1)"/><testcase name=" ›› Passing Test" classname="body .bs-docs-featurette:nth-of-type(2)"/><testcase name=" ›› Passing Test" classname="footer"/><testcase name=" ›› Passing Test" classname="body"/><testcase name=" ›› Failing Test" classname="document"><error message="Design deviation ›› Failing Test (document) component" type="CSS component"/><failure message="Design deviation ›› Failing Test (document) component" type="CSS component"/></testcase></testsuite></testsuites>